<?xml version="1.0" encoding="UTF-8"?>
<!-- Generated by org.testng.reporters.JUnitXMLReporter -->
<testsuite ignored="0" hostname="Amulya" failures="0" tests="1" name="Test" time="0.081" errors="0" timestamp="2024-12-03T12:07:03 IST">
  <testcase classname="facebookTesting.BasePage" name="@BeforeMethod BrowserSetup" time="-1.733207823028E9">
    <failure type="org.testng.TestNGException" message="
Parameter &amp;apos;BrowserName&amp;apos; is required by BeforeMethod on method BrowserSetup but has not been marked @Optional or defined
in C:\Users\amuly\eclipse-workspace\AutomationTesting\testng.xml">
      <![CDATA[org.testng.TestNGException: 
Parameter 'BrowserName' is required by BeforeMethod on method BrowserSetup but has not been marked @Optional or defined
in C:\Users\amuly\eclipse-workspace\AutomationTesting\testng.xml
at java.base/java.util.ArrayList.forEach(ArrayList.java:1511)
... Removed 28 stack frames]]>
    </failure>
  </testcase> <!-- @BeforeMethod BrowserSetup -->
  <testcase classname="facebookTesting.BasePage" name="@AfterMethod CloseBrowser" time="0.0">
    <skipped/>
  </testcase> <!-- @AfterMethod CloseBrowser -->
  <testcase classname="facebookTesting.Testcase01" name="login" time="0.0">
    <skipped/>
  </testcase> <!-- login -->
</testsuite> <!-- Test -->
